<?xml version="1.0" encoding="UTF-8"?>
<testng-results skipped="1" failed="1" ignored="2" total="9" passed="5">
  <reporter-output>
  </reporter-output>
  <suite name="Suite" duration-ms="17654" started-at="2020-04-27T16:04:41Z" finished-at="2020-04-27T16:04:58Z">
    <groups>
      <group name="login">
        <method signature="FirstTestNGFile.checkPageTest()[pri:0, instance:firsttestngpackage.FirstTestNGFile@20e2cbe0]" name="checkPageTest" class="firsttestngpackage.FirstTestNGFile"/>
        <method signature="FirstTestNGFile.loginTest()[pri:0, instance:firsttestngpackage.FirstTestNGFile@20e2cbe0]" name="loginTest" class="firsttestngpackage.FirstTestNGFile"/>
      </group> <!-- login -->
      <group name="title">
        <method signature="FirstTestNGFile.homePageTest()[pri:0, instance:firsttestngpackage.FirstTestNGFile@20e2cbe0]" name="homePageTest" class="firsttestngpackage.FirstTestNGFile"/>
        <method signature="FirstTestNGFile.searchPageTest()[pri:0, instance:firsttestngpackage.FirstTestNGFile@20e2cbe0]" name="searchPageTest" class="firsttestngpackage.FirstTestNGFile"/>
        <method signature="TestNGTest.verifyMenuTitle()[pri:1, instance:firsttestngpackage.TestNGTest@68be2bc2]" name="verifyMenuTitle" class="firsttestngpackage.TestNGTest"/>
      </group> <!-- title -->
    </groups>
    <test name="Test" duration-ms="17654" started-at="2020-04-27T16:04:41Z" finished-at="2020-04-27T16:04:58Z">
      <class name="firsttestngpackage.FirstTestNGFile">
        <test-method status="PASS" signature="checkPageTest()[pri:0, instance:firsttestngpackage.FirstTestNGFile@20e2cbe0]" name="checkPageTest" duration-ms="73" started-at="2020-04-27T16:04:41Z" finished-at="2020-04-27T16:04:41Z">
          <reporter-output>
          </reporter-output>
        </test-method> <!-- checkPageTest -->
        <test-method status="PASS" signature="checkPageTest()[pri:0, instance:firsttestngpackage.FirstTestNGFile@20e2cbe0]" name="checkPageTest" duration-ms="8" started-at="2020-04-27T16:04:41Z" finished-at="2020-04-27T16:04:41Z">
          <reporter-output>
          </reporter-output>
        </test-method> <!-- checkPageTest -->
        <test-method status="PASS" signature="checkPageTest()[pri:0, instance:firsttestngpackage.FirstTestNGFile@20e2cbe0]" name="checkPageTest" duration-ms="16" started-at="2020-04-27T16:04:41Z" finished-at="2020-04-27T16:04:41Z">
          <reporter-output>
          </reporter-output>
        </test-method> <!-- checkPageTest -->
        <test-method status="PASS" signature="homePageTest()[pri:0, instance:firsttestngpackage.FirstTestNGFile@20e2cbe0]" name="homePageTest" duration-ms="8" started-at="2020-04-27T16:04:41Z" finished-at="2020-04-27T16:04:41Z">
          <reporter-output>
          </reporter-output>
        </test-method> <!-- homePageTest -->
        <test-method status="PASS" signature="searchPageTest()[pri:0, instance:firsttestngpackage.FirstTestNGFile@20e2cbe0]" name="searchPageTest" duration-ms="8" started-at="2020-04-27T16:04:41Z" finished-at="2020-04-27T16:04:41Z">
          <reporter-output>
          </reporter-output>
        </test-method> <!-- searchPageTest -->
        <test-method status="SKIP" signature="loginTest()[pri:0, instance:firsttestngpackage.FirstTestNGFile@20e2cbe0]" name="loginTest" duration-ms="0" depends-on-groups="title" started-at="2020-04-27T16:04:58Z" finished-at="2020-04-27T16:04:58Z">
          <exception class="java.lang.Throwable">
            <message>
              <![CDATA[Method FirstTestNGFile.loginTest()[pri:0, instance:firsttestngpackage.FirstTestNGFile@20e2cbe0] depends on not successfully finished methods in group "title"]]>
            </message>
            <full-stacktrace>
              <![CDATA[java.lang.Throwable: Method FirstTestNGFile.loginTest()[pri:0, instance:firsttestngpackage.FirstTestNGFile@20e2cbe0] depends on not successfully finished methods in group "title"
at org.testng.internal.Invoker.invokeTestMethods(Invoker.java:888)
at org.testng.internal.TestMethodWorker.invokeTestMethods(TestMethodWorker.java:125)
at org.testng.internal.TestMethodWorker.run(TestMethodWorker.java:109)
at org.testng.TestRunner.privateRun(TestRunner.java:648)
at org.testng.TestRunner.run(TestRunner.java:505)
at org.testng.SuiteRunner.runTest(SuiteRunner.java:455)
at org.testng.SuiteRunner.runSequentially(SuiteRunner.java:450)
at org.testng.SuiteRunner.privateRun(SuiteRunner.java:415)
at org.testng.SuiteRunner.run(SuiteRunner.java:364)
at org.testng.SuiteRunnerWorker.runSuite(SuiteRunnerWorker.java:52)
at org.testng.SuiteRunnerWorker.run(SuiteRunnerWorker.java:84)
at org.testng.TestNG.runSuitesSequentially(TestNG.java:1208)
at org.testng.TestNG.runSuitesLocally(TestNG.java:1137)
at org.testng.TestNG.runSuites(TestNG.java:1049)
at org.testng.TestNG.run(TestNG.java:1017)
at org.testng.remote.AbstractRemoteTestNG.run(AbstractRemoteTestNG.java:114)
at org.testng.remote.RemoteTestNG.initAndRun(RemoteTestNG.java:251)
at org.testng.remote.RemoteTestNG.main(RemoteTestNG.java:77)
]]>
            </full-stacktrace>
          </exception> <!-- java.lang.Throwable -->
          <reporter-output>
          </reporter-output>
        </test-method> <!-- loginTest -->
      </class> <!-- firsttestngpackage.FirstTestNGFile -->
      <class name="firsttestngpackage.TestNGTest">
        <test-method status="PASS" signature="setUp()[pri:0, instance:firsttestngpackage.TestNGTest@68be2bc2]" name="setUp" is-config="true" duration-ms="16618" started-at="2020-04-27T16:04:41Z" finished-at="2020-04-27T16:04:58Z">
          <reporter-output>
          </reporter-output>
        </test-method> <!-- setUp -->
        <test-method status="FAIL" signature="verifyMenuTitle()[pri:1, instance:firsttestngpackage.TestNGTest@68be2bc2]" name="verifyMenuTitle" duration-ms="12" started-at="2020-04-27T16:04:58Z" finished-at="2020-04-27T16:04:58Z">
          <exception class="java.lang.AssertionError">
            <message>
              <![CDATA[expected [Menu] but found [Test]]]>
            </message>
            <full-stacktrace>
              <![CDATA[java.lang.AssertionError: expected [Menu] but found [Test]
at org.testng.Assert.fail(Assert.java:96)
at org.testng.Assert.failNotEquals(Assert.java:776)
at org.testng.Assert.assertEqualsImpl(Assert.java:137)
at org.testng.Assert.assertEquals(Assert.java:118)
at org.testng.Assert.assertEquals(Assert.java:453)
at org.testng.Assert.assertEquals(Assert.java:463)
at firsttestngpackage.TestNGTest.verifyMenuTitle(TestNGTest.java:31)
at sun.reflect.NativeMethodAccessorImpl.invoke0(Native Method)
at sun.reflect.NativeMethodAccessorImpl.invoke(Unknown Source)
at sun.reflect.DelegatingMethodAccessorImpl.invoke(Unknown Source)
at java.lang.reflect.Method.invoke(Unknown Source)
at org.testng.internal.MethodInvocationHelper.invokeMethod(MethodInvocationHelper.java:124)
at org.testng.internal.Invoker.invokeMethod(Invoker.java:583)
at org.testng.internal.Invoker.invokeTestMethod(Invoker.java:719)
at org.testng.internal.Invoker.invokeTestMethods(Invoker.java:989)
at org.testng.internal.TestMethodWorker.invokeTestMethods(TestMethodWorker.java:125)
at org.testng.internal.TestMethodWorker.run(TestMethodWorker.java:109)
at org.testng.TestRunner.privateRun(TestRunner.java:648)
at org.testng.TestRunner.run(TestRunner.java:505)
at org.testng.SuiteRunner.runTest(SuiteRunner.java:455)
at org.testng.SuiteRunner.runSequentially(SuiteRunner.java:450)
at org.testng.SuiteRunner.privateRun(SuiteRunner.java:415)
at org.testng.SuiteRunner.run(SuiteRunner.java:364)
at org.testng.SuiteRunnerWorker.runSuite(SuiteRunnerWorker.java:52)
at org.testng.SuiteRunnerWorker.run(SuiteRunnerWorker.java:84)
at org.testng.TestNG.runSuitesSequentially(TestNG.java:1208)
at org.testng.TestNG.runSuitesLocally(TestNG.java:1137)
at org.testng.TestNG.runSuites(TestNG.java:1049)
at org.testng.TestNG.run(TestNG.java:1017)
at org.testng.remote.AbstractRemoteTestNG.run(AbstractRemoteTestNG.java:114)
at org.testng.remote.RemoteTestNG.initAndRun(RemoteTestNG.java:251)
at org.testng.remote.RemoteTestNG.main(RemoteTestNG.java:77)
]]>
            </full-stacktrace>
          </exception> <!-- java.lang.AssertionError -->
          <reporter-output>
          </reporter-output>
        </test-method> <!-- verifyMenuTitle -->
        <test-method status="PASS" signature="tearDown()[pri:0, instance:firsttestngpackage.TestNGTest@68be2bc2]" name="tearDown" is-config="true" duration-ms="676" started-at="2020-04-27T16:04:58Z" finished-at="2020-04-27T16:04:58Z">
          <reporter-output>
          </reporter-output>
        </test-method> <!-- tearDown -->
      </class> <!-- firsttestngpackage.TestNGTest -->
    </test> <!-- Test -->
  </suite> <!-- Suite -->
</testng-results>
